<?xml version="1.0" encoding="UTF-8"?>
<!-- Generated by org.testng.reporters.JUnitReportReporter -->
<testsuite hostname="Lenovo-PC" failures="0" tests="1" name="trialtestNGforMAVEN" time="0.017" errors="0" timestamp="2022-09-01T01:02:15 IST" skipped="0">
  <testcase classname="trialtestNGforMAVEN" name="f" time="0.017"/>
  <system-out/>
</testsuite> <!-- trialtestNGforMAVEN -->
